{"C:\\Users\\wonju\\project\\boat-design\\boat-design-lib\\src\\main.ts": {"path":"C:\\Users\\wonju\\project\\boat-design\\boat-design-lib\\src\\main.ts","statementMap":{"0":{"start":{"line":1,"column":0},"end":{"line":1,"column":31}},"1":{"start":{"line":2,"column":0},"end":{"line":2,"column":36}},"2":{"start":{"line":7,"column":4},"end":{"line":17,"column":6}},"3":{"start":{"line":5,"column":0},"end":{"line":5,"column":13}}},"fnMap":{"0":{"name":"(anonymous_0)","decl":{"start":{"line":6,"column":2},"end":{"line":6,"column":14}},"loc":{"start":{"line":6,"column":28},"end":{"line":18,"column":3}}}},"branchMap":{},"s":{"0":1,"1":1,"2":1,"3":1},"f":{"0":1},"b":{}}
,"C:\\Users\\wonju\\project\\boat-design\\boat-design-lib\\src\\boat\\boat.ts": {"path":"C:\\Users\\wonju\\project\\boat-design\\boat-design-lib\\src\\boat\\boat.ts","statementMap":{"0":{"start":{"line":1,"column":0},"end":{"line":1,"column":40}},"1":{"start":{"line":2,"column":0},"end":{"line":2,"column":31}},"2":{"start":{"line":4,"column":16},"end":{"line":6,"column":1}},"3":{"start":{"line":5,"column":2},"end":{"line":5,"column":37}},"4":{"start":{"line":87,"column":12},"end":{"line":87,"column":27}},"5":{"start":{"line":88,"column":12},"end":{"line":88,"column":26}},"6":{"start":{"line":89,"column":12},"end":{"line":89,"column":35}},"7":{"start":{"line":90,"column":12},"end":{"line":90,"column":36}},"8":{"start":{"line":91,"column":12},"end":{"line":91,"column":34}},"9":{"start":{"line":92,"column":12},"end":{"line":92,"column":41}},"10":{"start":{"line":93,"column":12},"end":{"line":93,"column":41}},"11":{"start":{"line":94,"column":12},"end":{"line":94,"column":37}},"12":{"start":{"line":95,"column":12},"end":{"line":95,"column":40}},"13":{"start":{"line":49,"column":10},"end":{"line":49,"column":30}},"14":{"start":{"line":97,"column":4},"end":{"line":97,"column":16}},"15":{"start":{"line":53,"column":4},"end":{"line":53,"column":23}},"16":{"start":{"line":56,"column":4},"end":{"line":56,"column":47}},"17":{"start":{"line":59,"column":4},"end":{"line":59,"column":45}},"18":{"start":{"line":64,"column":4},"end":{"line":64,"column":71}},"19":{"start":{"line":67,"column":4},"end":{"line":67,"column":40}},"20":{"start":{"line":70,"column":4},"end":{"line":70,"column":70}},"21":{"start":{"line":75,"column":4},"end":{"line":75,"column":46}},"22":{"start":{"line":78,"column":4},"end":{"line":78,"column":67}},"23":{"start":{"line":83,"column":4},"end":{"line":83,"column":71}},"24":{"start":{"line":101,"column":4},"end":{"line":101,"column":25}},"25":{"start":{"line":105,"column":4},"end":{"line":109,"column":6}},"26":{"start":{"line":113,"column":4},"end":{"line":123,"column":6}},"27":{"start":{"line":127,"column":4},"end":{"line":133,"column":6}},"28":{"start":{"line":137,"column":4},"end":{"line":142,"column":6}},"29":{"start":{"line":146,"column":4},"end":{"line":146,"column":35}},"30":{"start":{"line":147,"column":4},"end":{"line":147,"column":28}},"31":{"start":{"line":151,"column":4},"end":{"line":151,"column":20}},"32":{"start":{"line":152,"column":4},"end":{"line":156,"column":null}},"33":{"start":{"line":154,"column":8},"end":{"line":154,"column":29}},"34":{"start":{"line":155,"column":8},"end":{"line":155,"column":14}},"35":{"start":{"line":157,"column":4},"end":{"line":157,"column":28}},"36":{"start":{"line":161,"column":4},"end":{"line":163,"column":null}},"37":{"start":{"line":162,"column":6},"end":{"line":162,"column":24}},"38":{"start":{"line":48,"column":0},"end":{"line":48,"column":21}}},"fnMap":{"0":{"name":"(anonymous_0)","decl":{"start":{"line":4,"column":16},"end":{"line":4,"column":17}},"loc":{"start":{"line":4,"column":32},"end":{"line":6,"column":1}}},"1":{"name":"(anonymous_2)","decl":{"start":{"line":52,"column":2},"end":{"line":52,"column":14}},"loc":{"start":{"line":52,"column":21},"end":{"line":54,"column":3}}},"2":{"name":"(anonymous_3)","decl":{"start":{"line":55,"column":2},"end":{"line":55,"column":14}},"loc":{"start":{"line":55,"column":18},"end":{"line":57,"column":3}}},"3":{"name":"(anonymous_4)","decl":{"start":{"line":58,"column":2},"end":{"line":58,"column":14}},"loc":{"start":{"line":58,"column":21},"end":{"line":60,"column":3}}},"4":{"name":"(anonymous_5)","decl":{"start":{"line":63,"column":2},"end":{"line":63,"column":14}},"loc":{"start":{"line":63,"column":29},"end":{"line":65,"column":3}}},"5":{"name":"(anonymous_6)","decl":{"start":{"line":66,"column":2},"end":{"line":66,"column":14}},"loc":{"start":{"line":66,"column":26},"end":{"line":68,"column":3}}},"6":{"name":"(anonymous_7)","decl":{"start":{"line":69,"column":2},"end":{"line":69,"column":14}},"loc":{"start":{"line":69,"column":31},"end":{"line":71,"column":3}}},"7":{"name":"(anonymous_8)","decl":{"start":{"line":74,"column":2},"end":{"line":74,"column":14}},"loc":{"start":{"line":74,"column":31},"end":{"line":76,"column":3}}},"8":{"name":"(anonymous_9)","decl":{"start":{"line":77,"column":2},"end":{"line":77,"column":14}},"loc":{"start":{"line":77,"column":28},"end":{"line":79,"column":3}}},"9":{"name":"(anonymous_10)","decl":{"start":{"line":82,"column":2},"end":{"line":82,"column":14}},"loc":{"start":{"line":82,"column":32},"end":{"line":84,"column":3}}},"10":{"name":"(anonymous_11)","decl":{"start":{"line":100,"column":2},"end":{"line":100,"column":14}},"loc":{"start":{"line":100,"column":29},"end":{"line":102,"column":3}}},"11":{"name":"(anonymous_12)","decl":{"start":{"line":104,"column":2},"end":{"line":104,"column":9}},"loc":{"start":{"line":104,"column":9},"end":{"line":110,"column":3}}},"12":{"name":"(anonymous_13)","decl":{"start":{"line":112,"column":2},"end":{"line":112,"column":18}},"loc":{"start":{"line":112,"column":18},"end":{"line":124,"column":3}}},"13":{"name":"(anonymous_14)","decl":{"start":{"line":126,"column":2},"end":{"line":126,"column":22}},"loc":{"start":{"line":126,"column":22},"end":{"line":134,"column":3}}},"14":{"name":"(anonymous_15)","decl":{"start":{"line":136,"column":2},"end":{"line":136,"column":19}},"loc":{"start":{"line":136,"column":19},"end":{"line":143,"column":3}}},"15":{"name":"(anonymous_16)","decl":{"start":{"line":145,"column":2},"end":{"line":145,"column":9}},"loc":{"start":{"line":145,"column":32},"end":{"line":148,"column":3}}},"16":{"name":"(anonymous_17)","decl":{"start":{"line":150,"column":2},"end":{"line":150,"column":9}},"loc":{"start":{"line":150,"column":24},"end":{"line":158,"column":3}}},"17":{"name":"(anonymous_18)","decl":{"start":{"line":160,"column":2},"end":{"line":160,"column":12}},"loc":{"start":{"line":160,"column":12},"end":{"line":164,"column":3}}}},"branchMap":{"0":{"loc":{"start":{"line":153,"column":6},"end":{"line":155,"column":14}},"type":"switch","locations":[{"start":{"line":153,"column":6},"end":{"line":155,"column":14}}]},"1":{"loc":{"start":{"line":161,"column":4},"end":{"line":163,"column":null}},"type":"if","locations":[{"start":{"line":161,"column":4},"end":{"line":163,"column":null}},{"start":{"line":161,"column":4},"end":{"line":163,"column":null}}]}},"s":{"0":1,"1":1,"2":1,"3":13,"4":1,"5":1,"6":1,"7":1,"8":1,"9":1,"10":1,"11":1,"12":1,"13":1,"14":1,"15":22,"16":7,"17":3,"18":4,"19":1,"20":1,"21":1,"22":2,"23":3,"24":0,"25":1,"26":1,"27":1,"28":1,"29":0,"30":0,"31":0,"32":0,"33":0,"34":0,"35":0,"36":0,"37":0,"38":1},"f":{"0":13,"1":22,"2":7,"3":3,"4":4,"5":1,"6":1,"7":1,"8":2,"9":3,"10":0,"11":1,"12":1,"13":1,"14":1,"15":0,"16":0,"17":0},"b":{"0":[0],"1":[0,0]}}
,"C:\\Users\\wonju\\project\\boat-design\\boat-design-lib\\src\\boat\\hull.ts": {"path":"C:\\Users\\wonju\\project\\boat-design\\boat-design-lib\\src\\boat\\hull.ts","statementMap":{"0":{"start":{"line":7,"column":4},"end":{"line":7,"column":44}},"1":{"start":{"line":5,"column":0},"end":{"line":5,"column":13}},"2":{"start":{"line":12,"column":4},"end":{"line":12,"column":44}},"3":{"start":{"line":10,"column":0},"end":{"line":10,"column":13}},"4":{"start":{"line":17,"column":4},"end":{"line":17,"column":44}},"5":{"start":{"line":15,"column":0},"end":{"line":15,"column":13}}},"fnMap":{"0":{"name":"(anonymous_0)","decl":{"start":{"line":6,"column":2},"end":{"line":6,"column":5}},"loc":{"start":{"line":6,"column":22},"end":{"line":8,"column":3}}},"1":{"name":"(anonymous_1)","decl":{"start":{"line":11,"column":2},"end":{"line":11,"column":5}},"loc":{"start":{"line":11,"column":22},"end":{"line":13,"column":3}}},"2":{"name":"(anonymous_2)","decl":{"start":{"line":16,"column":2},"end":{"line":16,"column":5}},"loc":{"start":{"line":16,"column":22},"end":{"line":18,"column":3}}}},"branchMap":{},"s":{"0":0,"1":1,"2":0,"3":1,"4":0,"5":1},"f":{"0":0,"1":0,"2":0},"b":{}}
,"C:\\Users\\wonju\\project\\boat-design\\boat-design-lib\\src\\render\\scene.ts": {"path":"C:\\Users\\wonju\\project\\boat-design\\boat-design-lib\\src\\render\\scene.ts","statementMap":{"0":{"start":{"line":3,"column":4},"end":{"line":3,"column":29}},"1":{"start":{"line":1,"column":0},"end":{"line":1,"column":13}}},"fnMap":{"0":{"name":"(anonymous_0)","decl":{"start":{"line":2,"column":2},"end":{"line":2,"column":null}},"loc":{"start":{"line":2,"column":2},"end":{"line":4,"column":3}}}},"branchMap":{},"s":{"0":1,"1":1},"f":{"0":1},"b":{}}
}
