TN:
SF:src\main.ts
FN:6,(anonymous_0)
FNF:1
FNH:1
FNDA:1,(anonymous_0)
DA:1,1
DA:2,1
DA:5,1
DA:7,1
LF:4
LH:4
BRF:0
BRH:0
end_of_record
TN:
SF:src\boat\boat.ts
FN:4,(anonymous_0)
FN:52,(anonymous_2)
FN:55,(anonymous_3)
FN:58,(anonymous_4)
FN:63,(anonymous_5)
FN:66,(anonymous_6)
FN:69,(anonymous_7)
FN:74,(anonymous_8)
FN:77,(anonymous_9)
FN:82,(anonymous_10)
FN:100,(anonymous_11)
FN:104,(anonymous_12)
FN:112,(anonymous_13)
FN:126,(anonymous_14)
FN:136,(anonymous_15)
FN:145,(anonymous_16)
FN:150,(anonymous_17)
FN:160,(anonymous_18)
FNF:18
FNH:14
FNDA:13,(anonymous_0)
FNDA:22,(anonymous_2)
FNDA:7,(anonymous_3)
FNDA:3,(anonymous_4)
FNDA:4,(anonymous_5)
FNDA:1,(anonymous_6)
FNDA:1,(anonymous_7)
FNDA:1,(anonymous_8)
FNDA:2,(anonymous_9)
FNDA:3,(anonymous_10)
FNDA:0,(anonymous_11)
FNDA:1,(anonymous_12)
FNDA:1,(anonymous_13)
FNDA:1,(anonymous_14)
FNDA:1,(anonymous_15)
FNDA:0,(anonymous_16)
FNDA:0,(anonymous_17)
FNDA:0,(anonymous_18)
DA:1,1
DA:2,1
DA:4,1
DA:5,13
DA:48,1
DA:49,1
DA:53,22
DA:56,7
DA:59,3
DA:64,4
DA:67,1
DA:70,1
DA:75,1
DA:78,2
DA:83,3
DA:87,1
DA:88,1
DA:89,1
DA:90,1
DA:91,1
DA:92,1
DA:93,1
DA:94,1
DA:95,1
DA:97,1
DA:101,0
DA:105,1
DA:113,1
DA:127,1
DA:137,1
DA:146,0
DA:147,0
DA:151,0
DA:152,0
DA:154,0
DA:155,0
DA:157,0
DA:161,0
DA:162,0
LF:39
LH:29
BRDA:153,0,0,0
BRDA:161,1,0,0
BRDA:161,1,1,0
BRF:3
BRH:0
end_of_record
TN:
SF:src\boat\hull.ts
FN:6,(anonymous_0)
FN:11,(anonymous_1)
FN:16,(anonymous_2)
FNF:3
FNH:0
FNDA:0,(anonymous_0)
FNDA:0,(anonymous_1)
FNDA:0,(anonymous_2)
DA:5,1
DA:7,0
DA:10,1
DA:12,0
DA:15,1
DA:17,0
LF:6
LH:3
BRF:0
BRH:0
end_of_record
TN:
SF:src\render\scene.ts
FN:2,(anonymous_0)
FNF:1
FNH:1
FNDA:1,(anonymous_0)
DA:1,1
DA:3,1
LF:2
LH:2
BRF:0
BRH:0
end_of_record
